[    0.000000] Initializing cgroup subsys cpuset
[    0.000000] Initializing cgroup subsys cpu
[    0.000000] Initializing cgroup subsys cpuacct
[    0.000000] Linux version 4.4.0-184-generic (buildd@lgw01-amd64-060) (gcc version 5.4.0 20160609 (Ubuntu 5.4.0-6ubuntu1~16.04.12) ) #214-Ubuntu SMP Thu Jun 4 10:14:11 UTC 2020 (Ubuntu 4.4.0-184.214-generic 4.4.223)
[    0.000000] Command line: BOOT_IMAGE=/boot/vmlinuz-4.4.0-184-generic root=LABEL=cloudimg-rootfs ro console=tty1 console=ttyS0
[    0.000000] KERNEL supported cpus:
[    0.000000]   Intel GenuineIntel
[    0.000000]   AMD AuthenticAMD
[    0.000000]   Centaur CentaurHauls
[    0.000000] x86/fpu: xstate_offset[2]:  576, xstate_sizes[2]:  256
[    0.000000] x86/fpu: Supporting XSAVE feature 0x01: 'x87 floating point registers'
[    0.000000] x86/fpu: Supporting XSAVE feature 0x02: 'SSE registers'
[    0.000000] x86/fpu: Supporting XSAVE feature 0x04: 'AVX registers'
[    0.000000] x86/fpu: Enabled xstate features 0x7, context size is 832 bytes, using 'standard' format.
[    0.000000] e820: BIOS-provided physical RAM map:
[    0.000000] BIOS-e820: [mem 0x0000000000000000-0x000000000009fbff] usable
[    0.000000] BIOS-e820: [mem 0x000000000009fc00-0x000000000009ffff] reserved
[    0.000000] BIOS-e820: [mem 0x00000000000f0000-0x00000000000fffff] reserved
[    0.000000] BIOS-e820: [mem 0x0000000000100000-0x000000003ffeffff] usable
[    0.000000] BIOS-e820: [mem 0x000000003fff0000-0x000000003fffffff] ACPI data
[    0.000000] BIOS-e820: [mem 0x00000000fec00000-0x00000000fec00fff] reserved
[    0.000000] BIOS-e820: [mem 0x00000000fee00000-0x00000000fee00fff] reserved
[    0.000000] BIOS-e820: [mem 0x00000000fffc0000-0x00000000ffffffff] reserved
[    0.000000] NX (Execute Disable) protection: active
[    0.000000] SMBIOS 2.5 present.
[    0.000000] Hypervisor detected: KVM
[    0.000000] e820: last_pfn = 0x3fff0 max_arch_pfn = 0x400000000
[    0.000000] MTRR: Disabled
[    0.000000] x86/PAT: MTRRs disabled, skipping PAT initialization too.
[    0.000000] CPU MTRRs all blank - virtualized system.
[    0.000000] x86/PAT: Configuration [0-7]: WB  WT  UC- UC  WB  WT  UC- UC  
[    0.000000] found SMP MP-table at [mem 0x0009fff0-0x0009ffff] mapped at [ffff88000009fff0]
[    0.000000] Scanning 1 areas for low memory corruption
[    0.000000] RAMDISK: [mem 0x362de000-0x37166fff]
[    0.000000] ACPI: Early table checksum verification disabled
[    0.000000] ACPI: RSDP 0x00000000000E0000 000024 (v02 VBOX  )
[    0.000000] ACPI: XSDT 0x000000003FFF0030 00003C (v01 VBOX   VBOXXSDT 00000001 ASL  00000061)
[    0.000000] ACPI: FACP 0x000000003FFF00F0 0000F4 (v04 VBOX   VBOXFACP 00000001 ASL  00000061)
[    0.000000] ACPI: DSDT 0x000000003FFF0470 002325 (v02 VBOX   VBOXBIOS 00000002 INTL 20100528)
[    0.000000] ACPI: FACS 0x000000003FFF0200 000040
[    0.000000] ACPI: FACS 0x000000003FFF0200 000040
[    0.000000] ACPI: APIC 0x000000003FFF0240 00005C (v02 VBOX   VBOXAPIC 00000001 ASL  00000061)
[    0.000000] ACPI: SSDT 0x000000003FFF02A0 0001CC (v01 VBOX   VBOXCPUT 00000002 INTL 20100528)
[    0.000000] No NUMA configuration found
[    0.000000] Faking a node at [mem 0x0000000000000000-0x000000003ffeffff]
[    0.000000] NODE_DATA(0) allocated [mem 0x3ffeb000-0x3ffeffff]
[    0.000000] kvm-clock: Using msrs 4b564d01 and 4b564d00
[    0.000000] kvm-clock: cpu 0, msr 0:3ffe3001, primary cpu clock
[    0.000000] kvm-clock: using sched offset of 3417128648 cycles
[    0.000000] clocksource: kvm-clock: mask: 0xffffffffffffffff max_cycles: 0x1cd42e4dffb, max_idle_ns: 881590591483 ns
[    0.000000] Zone ranges:
[    0.000000]   DMA      [mem 0x0000000000001000-0x0000000000ffffff]
[    0.000000]   DMA32    [mem 0x0000000001000000-0x000000003ffeffff]
[    0.000000]   Normal   empty
[    0.000000]   Device   empty
[    0.000000] Movable zone start for each node
[    0.000000] Early memory node ranges
[    0.000000]   node   0: [mem 0x0000000000001000-0x000000000009efff]
[    0.000000]   node   0: [mem 0x0000000000100000-0x000000003ffeffff]
[    0.000000] Initmem setup node 0 [mem 0x0000000000001000-0x000000003ffeffff]
[    0.000000] ACPI: PM-Timer IO Port: 0x4008
[    0.000000] IOAPIC[0]: apic_id 2, version 32, address 0xfec00000, GSI 0-23
[    0.000000] ACPI: INT_SRC_OVR (bus 0 bus_irq 0 global_irq 2 dfl dfl)
[    0.000000] ACPI: INT_SRC_OVR (bus 0 bus_irq 9 global_irq 9 low level)
[    0.000000] Using ACPI (MADT) for SMP configuration information
[    0.000000] smpboot: Allowing 2 CPUs, 0 hotplug CPUs
[    0.000000] PM: Registered nosave memory: [mem 0x00000000-0x00000fff]
[    0.000000] PM: Registered nosave memory: [mem 0x0009f000-0x0009ffff]
[    0.000000] PM: Registered nosave memory: [mem 0x000a0000-0x000effff]
[    0.000000] PM: Registered nosave memory: [mem 0x000f0000-0x000fffff]
[    0.000000] e820: [mem 0x40000000-0xfebfffff] available for PCI devices
[    0.000000] Booting paravirtualized kernel on KVM
[    0.000000] clocksource: refined-jiffies: mask: 0xffffffff max_cycles: 0xffffffff, max_idle_ns: 7645519600211568 ns
[    0.000000] setup_percpu: NR_CPUS:512 nr_cpumask_bits:512 nr_cpu_ids:2 nr_node_ids:1
[    0.000000] PERCPU: Embedded 33 pages/cpu @ffff88003fc00000 s95448 r8192 d31528 u1048576
[    0.000000] Built 1 zonelists in Node order, mobility grouping on.  Total pages: 257912
[    0.000000] Policy zone: DMA32
[    0.000000] Kernel command line: BOOT_IMAGE=/boot/vmlinuz-4.4.0-184-generic root=LABEL=cloudimg-rootfs ro console=tty1 console=ttyS0
[    0.000000] PID hash table entries: 4096 (order: 3, 32768 bytes)
[    0.000000] Memory: 997664K/1048120K available (8632K kernel code, 1336K rwdata, 4036K rodata, 1492K init, 1292K bss, 50456K reserved, 0K cma-reserved)
[    0.000000] SLUB: HWalign=64, Order=0-3, MinObjects=0, CPUs=2, Nodes=1
[    0.000000] Kernel/User page tables isolation: enabled
[    0.000000] Hierarchical RCU implementation.
[    0.000000] 	Build-time adjustment of leaf fanout to 64.
[    0.000000] 	RCU restricting CPUs from NR_CPUS=512 to nr_cpu_ids=2.
[    0.000000] RCU: Adjusting geometry for rcu_fanout_leaf=64, nr_cpu_ids=2
[    0.000000] NR_IRQS:33024 nr_irqs:440 16
[    0.000000] Console: colour VGA+ 80x25
[    0.000000] console [tty1] enabled
[    0.000000] console [ttyS0] enabled
[    0.000000] tsc: Detected 2711.996 MHz processor
[    0.192165] Calibrating delay loop (skipped) preset value.. 5423.99 BogoMIPS (lpj=10847984)
[    0.194417] pid_max: default: 32768 minimum: 301
[    0.195656] ACPI: Core revision 20150930
[    0.198227] ACPI: 2 ACPI AML tables successfully acquired and loaded
[    0.199888] Security Framework initialized
[    0.200917] Yama: becoming mindful.
[    0.201861] AppArmor: AppArmor initialized
[    0.203034] Dentry cache hash table entries: 131072 (order: 8, 1048576 bytes)
[    0.206712] Inode-cache hash table entries: 65536 (order: 7, 524288 bytes)
[    0.208426] Mount-cache hash table entries: 2048 (order: 2, 16384 bytes)
[    0.209897] Mountpoint-cache hash table entries: 2048 (order: 2, 16384 bytes)
[    0.211543] Initializing cgroup subsys io
[    0.212632] Initializing cgroup subsys memory
[    0.213796] Initializing cgroup subsys devices
[    0.214972] Initializing cgroup subsys freezer
[    0.216106] Initializing cgroup subsys net_cls
[    0.217199] Initializing cgroup subsys perf_event
[    0.218386] Initializing cgroup subsys net_prio
[    0.219819] Initializing cgroup subsys hugetlb
[    0.221000] Initializing cgroup subsys pids
[    0.223436] mce: CPU supports 0 MCE banks
[    0.224588] Last level iTLB entries: 4KB 64, 2MB 8, 4MB 8
[    0.225954] Last level dTLB entries: 4KB 64, 2MB 0, 4MB 0, 1GB 4
[    0.227592] Spectre V1 : Mitigation: usercopy/swapgs barriers and __user pointer sanitization
[    0.229746] Spectre V2 : Mitigation: Full generic retpoline
[    0.231013] Spectre V2 : Spectre v2 / SpectreRSB mitigation: Filling RSB on context switch
[    0.233118] Speculative Store Bypass: Vulnerable
[    0.234248] SRBDS: Unknown: Dependent on hypervisor status
[    0.235778] MDS: Mitigation: Clear CPU buffers
[    0.240454] Freeing SMP alternatives memory: 36K
[    0.248116] ftrace: allocating 32319 entries in 127 pages
[    0.318122] smpboot: APIC(0) Converting physical 0 to logical package 0
[    0.319767] smpboot: Max logical packages: 1
[    0.321355] x2apic enabled
[    0.322756] Switched APIC routing to physical x2apic.
[    0.325608] ..TIMER: vector=0x30 apic1=0 pin1=2 apic2=-1 pin2=-1
[    0.435214] smpboot: CPU0: Intel(R) Core(TM) i7-6820HQ CPU @ 2.70GHz (family: 0x6, model: 0x5e, stepping: 0x3)
[    0.438069] Performance Events: unsupported p6 CPU model 94 no PMU driver, software events only.
[    0.452496] KVM setup paravirtual spinlock
[    0.455023] x86: Booting SMP configuration:
[    0.456364] .... node  #0, CPUs:      #1
[    0.458140] kvm-clock: cpu 1, msr 0:3ffe3041, secondary cpu clock
[    0.461847] mce: CPU supports 0 MCE banks
[    0.464523] x86: Booted up 1 node, 2 CPUs
[    0.466932] smpboot: Total of 2 processors activated (10847.98 BogoMIPS)
[    0.470748] devtmpfs: initialized
[    0.475156] evm: security.selinux
[    0.476574] evm: security.SMACK64
[    0.477770] evm: security.SMACK64EXEC
[    0.479348] evm: security.SMACK64TRANSMUTE
[    0.481230] evm: security.SMACK64MMAP
[    0.482778] evm: security.ima
[    0.484491] evm: security.capability
[    0.486352] clocksource: jiffies: mask: 0xffffffff max_cycles: 0xffffffff, max_idle_ns: 7645041785100000 ns
[    0.489870] futex hash table entries: 512 (order: 3, 32768 bytes)
[    0.491911] pinctrl core: initialized pinctrl subsystem
[    0.493354] RTC time:  1:24:26, date: 06/23/20
[    0.494720] NET: Registered protocol family 16
[    0.508667] cpuidle: using governor ladder
[    0.521343] cpuidle: using governor menu
[    0.522810] PCCT header not found.
[    0.523912] ACPI: bus type PCI registered
[    0.525113] acpiphp: ACPI Hot Plug PCI Controller Driver version: 0.5
[    0.526842] PCI: Using configuration type 1 for base access
[    0.542384] ACPI: Added _OSI(Module Device)
[    0.543707] ACPI: Added _OSI(Processor Device)
[    0.545030] ACPI: Added _OSI(3.0 _SCP Extensions)
[    0.546221] ACPI: Added _OSI(Processor Aggregator Device)
[    0.548451] ACPI: Executed 1 blocks of module-level executable AML code
[    0.552824] ACPI: Interpreter enabled
[    0.553886] ACPI: (supports S0 S5)
[    0.554855] ACPI: Using IOAPIC for interrupt routing
[    0.556640] PCI: Using host bridge windows from ACPI; if necessary, use "pci=nocrs" and report a bug
[    0.563722] ACPI: PCI Root Bridge [PCI0] (domain 0000 [bus 00-ff])
[    0.565426] acpi PNP0A03:00: _OSC: OS supports [ASPM ClockPM Segments MSI]
[    0.567461] acpi PNP0A03:00: _OSC: not requesting OS control; OS requires [ExtendedConfig ASPM ClockPM MSI]
[    0.570054] acpi PNP0A03:00: fail to add MMCONFIG information, can't access extended PCI configuration space under this bridge.
[    0.573349] PCI host bridge to bus 0000:00
[    0.574521] pci_bus 0000:00: root bus resource [io  0x0000-0x0cf7 window]
[    0.576283] pci_bus 0000:00: root bus resource [io  0x0d00-0xffff window]
[    0.578085] pci_bus 0000:00: root bus resource [mem 0x000a0000-0x000bffff window]
[    0.580326] pci_bus 0000:00: root bus resource [mem 0x40000000-0xfdffffff window]
[    0.582548] pci_bus 0000:00: root bus resource [bus 00-ff]
[    0.586480] pci 0000:00:01.1: legacy IDE quirk: reg 0x10: [io  0x01f0-0x01f7]
[    0.589530] pci 0000:00:01.1: legacy IDE quirk: reg 0x14: [io  0x03f6]
[    0.591557] pci 0000:00:01.1: legacy IDE quirk: reg 0x18: [io  0x0170-0x0177]
[    0.611776] pci 0000:00:01.1: legacy IDE quirk: reg 0x1c: [io  0x0376]
[    0.630107] pci 0000:00:07.0: quirk: [io  0x4000-0x403f] claimed by PIIX4 ACPI
[    0.632429] pci 0000:00:07.0: quirk: [io  0x4100-0x410f] claimed by PIIX4 SMB
[    0.646828] ACPI: PCI Interrupt Link [LNKA] (IRQs 5 9 10 *11)
[    0.649988] ACPI: PCI Interrupt Link [LNKB] (IRQs 5 9 *10 11)
[    0.653109] ACPI: PCI Interrupt Link [LNKC] (IRQs 5 *9 10 11)
[    0.656049] ACPI: PCI Interrupt Link [LNKD] (IRQs 5 9 10 *11)
[    0.659102] ACPI: Enabled 2 GPEs in block 00 to 07
[    0.661817] vgaarb: setting as boot device: PCI:0000:00:02.0
[    0.663374] vgaarb: device added: PCI:0000:00:02.0,decodes=io+mem,owns=io+mem,locks=none
[    0.666096] vgaarb: loaded
[    0.667021] vgaarb: bridge control possible 0000:00:02.0
[    0.668808] SCSI subsystem initialized
[    0.670068] ACPI: bus type USB registered
[    0.671297] usbcore: registered new interface driver usbfs
[    0.673418] usbcore: registered new interface driver hub
[    0.675157] usbcore: registered new device driver usb
[    0.676955] PCI: Using ACPI for IRQ routing
[    0.679945] NetLabel: Initializing
[    0.681136] NetLabel:  domain hash size = 128
[    0.682483] NetLabel:  protocols = UNLABELED CIPSOv4
[    0.683879] NetLabel:  unlabeled traffic allowed by default
[    0.685834] amd_nb: Cannot enumerate AMD northbridges
[    0.687392] clocksource: Switched to clocksource kvm-clock
[    0.697650] AppArmor: AppArmor Filesystem Enabled
[    0.699026] pnp: PnP ACPI init
[    0.700915] pnp: PnP ACPI: found 3 devices
[    0.711662] clocksource: acpi_pm: mask: 0xffffff max_cycles: 0xffffff, max_idle_ns: 2085701024 ns
[    0.713844] NET: Registered protocol family 2
[    0.715172] TCP established hash table entries: 8192 (order: 4, 65536 bytes)
[    0.716926] TCP bind hash table entries: 8192 (order: 5, 131072 bytes)
[    0.718400] TCP: Hash tables configured (established 8192 bind 8192)
[    0.719895] UDP hash table entries: 512 (order: 2, 16384 bytes)
[    0.721474] UDP-Lite hash table entries: 512 (order: 2, 16384 bytes)
[    0.723025] NET: Registered protocol family 1
[    0.724295] pci 0000:00:00.0: Limiting direct PCI/PCI transfers
[    0.725658] pci 0000:00:01.0: Activating ISA DMA hang workarounds
[    0.727160] Unpacking initramfs...
[    0.932561] Freeing initrd memory: 14884K
[    0.934245] clocksource: tsc: mask: 0xffffffffffffffff max_cycles: 0x271782d3887, max_idle_ns: 440795314643 ns
[    0.937173] platform rtc_cmos: registered platform RTC device (no PNP device found)
[    0.939311] Scanning for low memory corruption every 60 seconds
[    0.941561] audit: initializing netlink subsys (disabled)
[    0.942978] audit: type=2000 audit(1592875471.841:1): initialized
[    0.944817] Initialise system trusted keyring
[    0.946500] HugeTLB registered 2 MB page size, pre-allocated 0 pages
[    0.949745] zbud: loaded
[    0.951046] VFS: Disk quotas dquot_6.6.0
[    0.952254] VFS: Dquot-cache hash table entries: 512 (order 0, 4096 bytes)
[    0.953978] squashfs: version 4.0 (2009/01/31) Phillip Lougher
[    0.956019] fuse init (API version 7.23)
[    0.957401] Key type big_key registered
[    0.958406] Allocating IMA MOK and blacklist keyrings.
[    0.963711] Key type asymmetric registered
[    0.964713] Asymmetric key parser 'x509' registered
[    0.965892] Block layer SCSI generic (bsg) driver version 0.4 loaded (major 249)
[    0.968078] io scheduler noop registered
[    0.969131] io scheduler deadline registered (default)
[    0.970456] io scheduler cfq registered
[    0.971634] pci_hotplug: PCI Hot Plug PCI Core version: 0.5
[    0.973194] pciehp: PCI Express Hot Plug Controller Driver version: 0.4
[    0.974879] ACPI: AC Adapter [AC] (off-line)
[    0.976329] input: Power Button as /devices/LNXSYSTM:00/LNXPWRBN:00/input/input0
[    0.978656] ACPI: Power Button [PWRF]
[    0.979867] input: Sleep Button as /devices/LNXSYSTM:00/LNXSLPBN:00/input/input1
[    0.981721] ACPI: Sleep Button [SLPF]
[    0.983243] GHES: HEST is not enabled!
[    0.984127] ACPI: Battery Slot [BAT0] (battery present)
[    0.986055] Serial: 8250/16550 driver, 32 ports, IRQ sharing enabled
[    1.008323] 00:02: ttyS0 at I/O 0x3f8 (irq = 4, base_baud = 115200) is a 16550A
[    1.015021] Linux agpgart interface v0.103
[    1.018065] loop: module loaded
[    1.019637] scsi host0: ata_piix
[    1.020861] scsi host1: ata_piix
[    1.021823] ata1: PATA max UDMA/33 cmd 0x1f0 ctl 0x3f6 bmdma 0xd000 irq 14
[    1.023458] ata2: PATA max UDMA/33 cmd 0x170 ctl 0x376 bmdma 0xd008 irq 15
[    1.025292] libphy: Fixed MDIO Bus: probed
[    1.026491] tun: Universal TUN/TAP device driver, 1.6
[    1.027857] tun: (C) 1999-2004 Max Krasnyansky <maxk@qualcomm.com>
[    1.029505] PPP generic driver version 2.4.2
[    1.030763] ehci_hcd: USB 2.0 'Enhanced' Host Controller (EHCI) Driver
[    1.032472] ehci-pci: EHCI PCI platform driver
[    1.033736] ehci-platform: EHCI generic platform driver
[    1.035175] ohci_hcd: USB 1.1 'Open' Host Controller (OHCI) Driver
[    1.036641] ohci-pci: OHCI PCI platform driver
[    1.037750] ohci-platform: OHCI generic platform driver
[    1.039113] uhci_hcd: USB Universal Host Controller Interface driver
[    1.040853] i8042: PNP: PS/2 Controller [PNP0303:PS2K,PNP0f03:PS2M] at 0x60,0x64 irq 1,12
[    1.043708] serio: i8042 KBD port at 0x60,0x64 irq 1
[    1.045013] serio: i8042 AUX port at 0x60,0x64 irq 12
[    1.046431] mousedev: PS/2 mouse device common for all mice
[    1.048353] input: AT Translated Set 2 keyboard as /devices/platform/i8042/serio0/input/input2
[    1.051091] rtc_cmos rtc_cmos: rtc core: registered rtc_cmos as rtc0
[    1.052921] rtc_cmos rtc_cmos: alarms up to one day, 114 bytes nvram
[    1.054475] i2c /dev entries driver
[    1.055452] device-mapper: uevent: version 1.0.3
[    1.057032] device-mapper: ioctl: 4.34.0-ioctl (2015-10-28) initialised: dm-devel@redhat.com
[    1.059135] ledtrig-cpu: registered to indicate activity on CPUs
[    1.061273] NET: Registered protocol family 10
[    1.062722] NET: Registered protocol family 17
[    1.064224] Key type dns_resolver registered
[    1.065890] registered taskstats version 1
[    1.067104] Loading compiled-in X.509 certificates
[    1.069206] Loaded X.509 cert 'Build time autogenerated kernel key: b6ae09eed57f82583ccd3c65c463e852cdd7a0b5'
[    1.071811] zswap: loaded using pool lzo/zbud
[    1.074982] Key type trusted registered
[    1.079810] Key type encrypted registered
[    1.080826] AppArmor: AppArmor sha1 policy hashing enabled
[    1.082133] ima: No TPM chip found, activating TPM-bypass!
[    1.083510] ima: Allocated hash algorithm: sha1
[    1.084828] evm: HMAC attrs: 0x1
[    1.086236]   Magic number: 8:206:408
[    1.087353] rtc_cmos rtc_cmos: setting system clock to 2020-06-23 01:24:27 UTC (1592875467)
[    1.089683] BIOS EDD facility v0.16 2004-Jun-25, 0 devices found
[    1.091121] EDD information not available.
[    1.206853] Freeing unused kernel memory: 1492K
[    1.208613] Write protecting the kernel read-only data: 14336k
[    1.211404] Freeing unused kernel memory: 1596K
[    1.213143] Freeing unused kernel memory: 60K
Loading, please wait...
starting version 229
[    1.230879] random: systemd-udevd: uninitialized urandom read (16 bytes read, 3 bits of entropy available)
[    1.231532] random: udevadm: uninitialized urandom read (16 bytes read, 3 bits of entropy available)
[    1.231548] random: udevadm: uninitialized urandom read (16 bytes read, 3 bits of entropy available)
[    1.238308] random: systemd-udevd: uninitialized urandom read (16 bytes read, 3 bits of entropy available)
[    1.241011] random: udevadm: uninitialized urandom read (16 bytes read, 3 bits of entropy available)
[    1.241052] random: udevadm: uninitialized urandom read (16 bytes read, 3 bits of entropy available)
[    1.241327] random: udevadm: uninitialized urandom read (16 bytes read, 3 bits of entropy available)
[    1.241379] random: udevadm: uninitialized urandom read (16 bytes read, 3 bits of entropy available)
[    1.241427] random: udevadm: uninitialized urandom read (16 bytes read, 3 bits of entropy available)
[    1.241477] random: udevadm: uninitialized urandom read (16 bytes read, 3 bits of entropy available)
[    1.295912] e1000: Intel(R) PRO/1000 Network Driver - version 7.3.21-k8-NAPI
[    1.298193] e1000: Copyright (c) 1999-2006 Intel Corporation.
[    1.301378] Fusion MPT base driver 3.04.20
[    1.302459] Copyright (c) 1999-2008 LSI Corporation
[    1.322587] AVX2 version of gcm_enc/dec engaged.
[    1.324152] AES CTR mode by8 optimization enabled
[    1.333209] Fusion MPT SPI Host driver 3.04.20
[    1.513306] input: ImExPS/2 Generic Explorer Mouse as /devices/platform/i8042/serio1/input/input4
[    1.720538] e1000 0000:00:03.0 eth0: (PCI:33MHz:32-bit) 02:89:fa:04:16:8f
[    1.722734] e1000 0000:00:03.0 eth0: Intel(R) PRO/1000 Network Connection
[    1.726484] mptbase: ioc0: Initiating bringup
[    2.526847] ioc0: LSI53C1030 A0: Capabilities={Initiator}
[    4.459422] scsi host2: ioc0: LSI53C1030 A0, FwRev=00000000h, Ports=1, MaxQ=256, IRQ=20
[    5.638778] scsi 2:0:0:0: Direct-Access     VBOX     HARDDISK         1.0  PQ: 0 ANSI: 5
[    5.641505] scsi target2:0:0: Beginning Domain Validation
[    5.645468] scsi target2:0:0: Domain Validation skipping write tests
[    5.647665] scsi target2:0:0: Ending Domain Validation
[    5.649453] scsi target2:0:0: asynchronous
[    5.651520] scsi 2:0:1:0: Direct-Access     VBOX     HARDDISK         1.0  PQ: 0 ANSI: 5
[    5.653676] scsi target2:0:1: Beginning Domain Validation
[    5.656899] scsi target2:0:1: Domain Validation skipping write tests
[    5.658392] scsi target2:0:1: Ending Domain Validation
[    5.660041] scsi target2:0:1: asynchronous
[    5.720479] sd 2:0:0:0: Attached scsi generic sg0 type 0
[    5.722680] sd 2:0:0:0: [sda] 20971520 512-byte logical blocks: (10.7 GB/10.0 GiB)
[    5.726277] sd 2:0:1:0: [sdb] 20480 512-byte logical blocks: (10.5 MB/10.0 MiB)
[    5.729202] sd 2:0:1:0: Attached scsi generic sg1 type 0
[    5.733304] sd 2:0:1:0: [sdb] Write Protect is off
[    5.734669] sd 2:0:0:0: [sda] Write Protect is off
[    5.736560] sd 2:0:1:0: [sdb] Incomplete mode parameter data
[    5.738220] sd 2:0:1:0: [sdb] Assuming drive cache: write through
[    5.740183] sd 2:0:0:0: [sda] Incomplete mode parameter data
[    5.741885] sd 2:0:0:0: [sda] Assuming drive cache: write through
[    5.747839]  sda: sda1
[    5.750510] sd 2:0:1:0: [sdb] Attached SCSI disk
[    5.751876] sd 2:0:0:0: [sda] Attached SCSI disk
[    6.562229] e1000 0000:00:08.0 eth1: (PCI:33MHz:32-bit) 08:00:27:0a:99:94
[    6.564210] e1000 0000:00:08.0 eth1: Intel(R) PRO/1000 Network Connection
[    6.567066] e1000 0000:00:03.0 enp0s3: renamed from eth0
[    6.580292] e1000 0000:00:08.0 enp0s8: renamed from eth1
Begin: Loading essential drivers ... [    8.107175] md: linear personality registered for level -1
[    8.111992] md: multipath personality registered for level -4
[    8.117845] md: raid0 personality registered for level 0
[    8.124472] md: raid1 personality registered for level 1
[    8.195817] raid6: sse2x1   gen()  8094 MB/s
[    8.264199] raid6: sse2x1   xor()  7706 MB/s
[    8.331564] raid6: sse2x2   gen() 12653 MB/s
[    8.399913] raid6: sse2x2   xor()  8943 MB/s
[    8.467426] raid6: sse2x4   gen() 14428 MB/s
[    8.536512] raid6: sse2x4   xor() 10021 MB/s
[    8.603866] raid6: avx2x1   gen() 20774 MB/s
[    8.672174] raid6: avx2x2   gen() 23262 MB/s
[    8.739499] raid6: avx2x4   gen() 25691 MB/s
[    8.740734] raid6: using algorithm avx2x4 gen() 25691 MB/s
[    8.742102] raid6: using avx2x2 recovery algorithm
[    8.744934] xor: automatically using best checksumming function:
[    8.783645]    avx       : 24114.000 MB/sec
[    8.786003] async_tx: api initialized (async)
[    8.796522] md: raid6 personality registered for level 6
[    8.798108] md: raid5 personality registered for level 5
[    8.799740] md: raid4 personality registered for level 4
[    8.808033] md: raid10 personality registered for level 10
done.
Begin: Running /scripts/init-premount ... done.
Begin: Mounting root file system ... Begin: Running /scripts/local-top ... done.
Begin: Running /scripts/local-premount ... [    8.842137] Btrfs loaded
Scanning for Btrfs filesystems
done.
Warning: fsck not present, so skipping root file system
[    8.878872] EXT4-fs (sda1): INFO: recovery required on readonly filesystem
[    8.880584] EXT4-fs (sda1): write access will be enabled during recovery
[    8.890464] EXT4-fs (sda1): recovery complete
[    8.892447] EXT4-fs (sda1): mounted filesystem with ordered data mode. Opts: (null)
done.
Begin: Running /scripts/local-bottom ... done.
Begin: Running /scripts/init-bottom ... done.
[    8.994782] systemd[1]: systemd 229 running in system mode. (+PAM +AUDIT +SELINUX +IMA +APPARMOR +SMACK +SYSVINIT +UTMP +LIBCRYPTSETUP +GCRYPT +GNUTLS +ACL +XZ -LZ4 +SECCOMP +BLKID +ELFUTILS +KMOD -IDN)
[    8.999362] systemd[1]: Detected virtualization oracle.
[    9.000928] systemd[1]: Detected architecture x86-64.

Welcome to [1mUbuntu 16.04.6 LTS[0m!

[    9.005619] systemd[1]: Set hostname to <ubuntu-xenial>.
[    9.144671] systemd[1]: Listening on udev Kernel Socket.
[[0;32m  OK  [0m] Listening on udev Kernel Socket.
[    9.152378] systemd[1]: Listening on /dev/initctl Compatibility Named Pipe.
[[0;32m  OK  [0m] Listening on /dev/initctl Compatibility Named Pipe.
[    9.156935] systemd[1]: Reached target User and Group Name Lookups.
[[0;32m  OK  [0m] Reached target User and Group Name Lookups.
[    9.159812] systemd[1]: Created slice System Slice.
[[0;32m  OK  [0m] Created slice System Slice.
[    9.168195] systemd[1]: Listening on LVM2 metadata daemon socket.
[[0;32m  OK  [0m] Listening on LVM2 metadata daemon socket.
[    9.171658] systemd[1]: Listening on Journal Socket (/dev/log).
[[0;32m  OK  [0m] Listening on Journal Socket (/dev/log).
[    9.180307] systemd[1]: Listening on LVM2 poll daemon socket.
[[0;32m  OK  [0m] Listening on LVM2 poll daemon socket.
[    9.183215] systemd[1]: Set up automount Arbitrary Executable File Formats File System Automount Point.
[[0;32m  OK  [0m] Set up automount Arbitrary Executab...ats File System Automount Point.
[    9.187338] systemd[1]: Reached target Encrypted Volumes.
[[0;32m  OK  [0m] Reached target Encrypted Volumes.
[    9.196091] systemd[1]: Listening on Journal Audit Socket.
[[0;32m  OK  [0m] Listening on Journal Audit Socket.
[    9.199496] systemd[1]: Started Forward Password Requests to Wall Directory Watch.
[[0;32m  OK  [0m] Started Forward Password Requests to Wall Directory Watch.
[    9.204823] systemd[1]: Reached target Swap.
[[0;32m  OK  [0m] Reached target Swap.
[    9.207710] systemd[1]: Listening on udev Control Socket.
[[0;32m  OK  [0m] Listening on udev Control Socket.
[    9.216871] systemd[1]: Created slice system-serial\x2dgetty.slice.
[[0;32m  OK  [0m] Created slice system-serial\x2dgetty.slice.
[    9.220823] systemd[1]: Created slice User and Session Slice.
[[0;32m  OK  [0m] Created slice User and Session Slice.
[    9.223943] systemd[1]: Started Trigger resolvconf update for networkd DNS.
[[0;32m  OK  [0m] Started Trigger resolvconf update for networkd DNS.
[    9.227036] systemd[1]: Listening on Syslog Socket.
[[0;32m  OK  [0m] Listening on Syslog Socket.
[    9.235969] systemd[1]: Listening on Device-mapper event daemon FIFOs.
[[0;32m  OK  [0m] Listening on Device-mapper event daemon FIFOs.
[    9.238506] systemd[1]: Reached target System Time Synchronized.
[[0;32m  OK  [0m] Reached target System Time Synchronized.
[    9.247619] systemd[1]: Listening on Journal Socket.
[[0;32m  OK  [0m] Listening on Journal Socket.
[    9.260282] systemd[1]: Starting Nameserver information manager...
         Starting Nameserver information manager...
[    9.272585] systemd[1]: Starting Create list of required static device nodes for the current kernel...
         Starting Create list of required st... nodes for the current kernel...
[    9.284394] systemd[1]: Mounting Huge Pages File System...
         Mounting Huge Pages File System...
[    9.288276] systemd[1]: Mounting Debug File System...
         Mounting Debug File System...
[    9.290930] systemd[1]: Mounting POSIX Message Queue File System...
         Mounting POSIX Message Queue File System...
[    9.294457] systemd[1]: Starting Uncomplicated firewall...
         Starting Uncomplicated firewall...
[    9.297891] systemd[1]: Starting Journal Service...
         Starting Journal Service...
[    9.303618] systemd[1]: Starting Load Kernel Modules...
         Starting Load Kernel Modules...
[    9.310486] systemd[1]: Starting Monitoring of LVM2 mirrors, snapshots etc. using dmeventd or progress polling...
         Starting Monitoring of LVM2 mirrors... dmeventd or progress polling...
[    9.320613] systemd[1]: Starting Set console keymap...
         Starting Set console keymap...
[    9.323139] systemd[1]: Reached target Slices.
[    9.325992] Loading iSCSI transport class v2.0-870.
[[0;32m  OK  [0m] Reached target Slices.
[    9.332324] systemd[1]: Starting Remount Root and Kernel File Systems...
         Starting Remount Root and Kernel File Systems...
[    9.335953] EXT4-fs (sda1): re-mounted. Opts: (null)
[    9.336724] systemd[1]: Mounted Huge Pages File System.
[[0;32m  OK  [0m] Mounted Huge Pages File System.
[    9.339439] systemd[1]: Mounted POSIX Message Queue File System.
[[0;32m  OK  [0m] Mounted POSIX Message Queue File System.
[    9.342134] systemd[1]: Mounted Debug File System.
[[0;32m  OK  [0m] Mounted Debug File System.
[    9.346110] systemd[1]: Started Create list of required static device nodes for the current kernel.
[[0;32m  OK  [0m] Started Create list of required sta...ce nodes for the current kernel.
[    9.353621] systemd[1]: Started Uncomplicated firewall.
[[0;32m  OK  [0m] Started Uncomplicated firewall.
[    9.356670] systemd[1]: Started Remount Root and Kernel File Systems.
[[0;32m  OK  [0m] Started Remount Root and Kernel File Systems.
[    9.360960] iscsi: registered transport (tcp)
[    9.379634] systemd[1]: Started Nameserver information manager.
[[0;32m  OK  [0m] Started Nameserver information manager.
[    9.384681] systemd[1]: Started Journal Service.
[[0;32m  OK  [0m] Started Journal Service.
[[0;32m  OK  [0m] Started LVM2 metadata daemon.
         Starting udev Coldplug all Devices...
         Starting Load/Save Random Seed...
         Starting Flush Journal to Persistent Storage...
         Starting Create Static Device Nodes in /dev...
[[0;32m  OK  [0m] Started Load/Save Random Seed.
[    9.419318] systemd-journald[388]: Received request to flush runtime journal from PID 1
[[0;32m  OK  [0m] Started Flush Journal to Persistent Storage.
[    9.432577] iscsi: registered transport (iser)
[[0;32m  OK  [0m] Started Create Static Device Nodes in /dev.
[[0;32m  OK  [0m] Started Load Kernel Modules.
         Starting Apply Kernel Variables...
         Mounting FUSE Control File System...
         Starting udev Kernel Device Manager...
[[0;32m  OK  [0m] Mounted FUSE Control File System.
[[0;32m  OK  [0m] Started Set console keymap.
[[0;32m  OK  [0m] Started Apply Kernel Variables.
[[0;32m  OK  [0m] Started udev Kernel Device Manager.
[[0;32m  OK  [0m] Started udev Coldplug all Devices.
[[0;32m  OK  [0m] Started Dispatch Password Requests to Console Directory Watch.
[[0;32m  OK  [0m] Started Monitoring of LVM2 mirrors,...ng dmeventd or progress polling.
[[0;32m  OK  [0m] Reached target Local File Systems (Pre).
[[0;32m  OK  [0m] Reached target Local File Systems.
         Starting Initial cloud-init job (pre-networking)...
         Starting Tell Plymouth To Write Out Runtime Data...
         Starting Set console font and keymap...
         Starting LSB: AppArmor initialization...
         Starting Create Volatile Files and Directories...
[[0;32m  OK  [0m] Started Tell Plymouth To Write Out Runtime Data.
[[0;32m  OK  [0m] Started Create Volatile Files and Directories.
         Starting Update UTMP about System Boot/Shutdown...
[[0;32m  OK  [0m] Started Update UTMP about System Boot/Shutdown.
[[0;32m  OK  [0m] Found device /dev/ttyS0.
[[0;32m  OK  [0m] Started LSB: AppArmor initialization.
[[0;32m  OK  [0m] Listening on Load/Save RF Kill Switch Status /dev/rfkill Watch.
[[0;32m  OK  [0m] Found device 82540EM Gigabit Ethern...r (PRO/1000 MT Desktop Adapter).
[[0;32m  OK  [0m] Found device 82540EM Gigabit Ethern...r (PRO/1000 MT Desktop Adapter).
[   10.689010] cloud-init[484]: Cloud-init v. 19.4-33-gbb4131a2-0ubuntu1~16.04.1 running 'init-local' at Tue, 23 Jun 2020 01:24:36 +0000. Up 10.27 seconds.
[[0;32m  OK  [0m] Started Initial cloud-init job (pre-networking).
[[0;32m  OK  [0m] Started Set console font and keymap.
[[0;32m  OK  [0m] Created slice system-getty.slice.
[[0;32m  OK  [0m] Reached target Network (Pre).
[[0;32m  OK  [0m] Started ifup for enp0s8.
         Starting Raise network interfaces...
[[0;32m  OK  [0m] Started ifup for enp0s3.
[[0;32m  OK  [0m] Started Raise network interfaces.
[[0;32m  OK  [0m] Reached target Network.
         Starting Initial cloud-init job (metadata service crawler)...
[   11.993931] cloud-init[1077]: Cloud-init v. 19.4-33-gbb4131a2-0ubuntu1~16.04.1 running 'init' at Tue, 23 Jun 2020 01:24:38 +0000. Up 11.57 seconds.
[   11.996451] cloud-init[1077]: ci-info: ++++++++++++++++++++++++++++++++++++++Net device info+++++++++++++++++++++++++++++++++++++++
[   11.999239] cloud-init[1077]: ci-info: +--------+------+-----------------------------+---------------+--------+-------------------+
[   12.002037] cloud-init[1077]: ci-info: | Device |  Up  |           Address           |      Mask     | Scope  |     Hw-Address    |
[   12.004819] cloud-init[1077]: ci-info: +--------+------+-----------------------------+---------------+--------+-------------------+
[   12.007602] cloud-init[1077]: ci-info: | enp0s3 | True |          10.0.2.15          | 255.255.255.0 | global | 02:89:fa:04:16:8f |
[   12.009745] cloud-init[1077]: ci-info: | enp0s3 | True |  fe80::89:faff:fe04:168f/64 |       .       |  link  | 02:89:fa:04:16:8f |
[   12.012753] cloud-init[1077]: ci-info: | enp0s8 | True |        192.167.10.111       | 255.255.255.0 | global | 08:00:27:0a:99:94 |
[   12.015049] cloud-init[1077]: ci-info: | enp0s8 | True | fe80::a00:27ff:fe0a:9994/64 |       .       |  link  | 08:00:27:0a:99:94 |
[   12.017896] cloud-init[1077]: ci-info: |   lo   | True |          127.0.0.1          |   255.0.0.0   |  host  |         .         |
[   12.024917] cloud-init[1077]: ci-info: |   lo   | True |           ::1/128           |       .       |  host  |         .         |
[   12.027666] cloud-init[1077]: ci-info: +--------+------+-----------------------------+---------------+--------+-------------------+
[   12.030486] cloud-init[1077]: ci-info: ++++++++++++++++++++++++++++Route IPv4 info++++++++++++++++++++++++++++
[   12.032064] cloud-init[1077]: ci-info: +-------+--------------+----------+---------------+-----------+-------+
[   12.040502] cloud-init[1077]: ci-info: | Route | Destination  | Gateway  |    Genmask    | Interface | Flags |
[   12.042470] cloud-init[1077]: ci-info: +-------+--------------+----------+---------------+-----------+-------+
[   12.044817] cloud-init[1077]: ci-info: |   0   |   0.0.0.0    | 10.0.2.2 |    0.0.0.0    |   enp0s3  |   UG  |
[   12.046749] cloud-init[1077]: ci-info: |   1   |   10.0.2.0   | 0.0.0.0  | 255.255.255.0 |   enp0s3  |   U   |
[   12.048559] cloud-init[1077]: ci-info: |   2   | 192.167.10.0 | 0.0.0.0  | 255.255.255.0 |   enp0s8  |   U   |[[0;32m  OK  [0m] Started Initial cloud-init job (metadata service crawler).
[[0;32m  OK  [0m] Reached target System Initialization.

[   12.052281] [[0;32m  OK  [0m] Started Daily apt download activities.
[[0;32m  OK  [0m] Started Daily apt upgrade and clean activities.
[[0;32m  OK  [0m] Started Daily Cleanup of Temporary Directories.
[[0;32m  OK  [0m] Started Message of the Day.
[[0;32m  OK  [0m] Reached target Timers.
         Starting Socket activation for snappy daemon.
[[0;32m  OK  [0m] Started ACPI Events Check.
[[0;32m  OK  [0m] Reached target Paths.
[[0;32m  OK  [0m] Listening on D-Bus System Message Bus Socket.
[[0;32m  OK  [0m] Listening on ACPID Listen Socket.
[[0;32m  OK  [0m] Listening on UUID daemon activation socket.
cloud-init[1077]: ci-info: +-------+--------------+----------+---------------+-----------+-------+
[   12.060712]          Starting LXD - unix socket.
[[0;32m  OK  [0m] Reached target Network is Online.
cloud-init[1077]: ci-info: +++++++++++++++++++Route IPv6 info+++++++++++++++++++
[   12.063137] cloud-init[1077]: ci-info: +-------+-------------+---------+-----------+-------+
[   12.064755] cloud-init[1077]: ci-info: | Route | Destination | Gateway | Interface | Flags |
[   12.066313] cloud-init[1077]: ci-info: +-------+-------------+---------+-----------+-------+
[   12.067859] cloud-init[1077]: ci-info: |   0   |  fe80::/64  |    ::   |   enp0s8  |   U   |
[   12.069511] cloud-init[1077]: ci-info: |   1   |  fe80::/64  |    ::   |   enp0s3  |   U   |
[   12.070745] cloud-init[1077]: ci-info: |   4   |   ff00::/8  |    ::   |   enp0s8  |   U   |
[   12.072386] cloud-init[1077]: ci-info: |   5   |   ff00::/8  |    ::   |   enp0s3  |   U   |
[   12.073729] cloud-init[1077]: ci-info: +-------+-------------+---------+-----------+-------+
         Starting iSCSI initiator daemon (iscsid)...
[[0;32m  OK  [0m] Reached target Cloud-config availability.
[[0;32m  OK  [0m] Listening on Socket activation for snappy daemon.
[[0;32m  OK  [0m] Listening on LXD - unix socket.
[[0;32m  OK  [0m] Reached target Sockets.
[[0;32m  OK  [0m] Reached target Basic System.
[[0;32m  OK  [0m] Started Deferred execution scheduler.
         Starting LSB: MD monitoring daemon...
         Starting LSB: Record successful boot for GRUB...
         Starting OpenBSD Secure Shell server...
         Starting Accounts Service...
         Starting System Logging Service...
[[0;32m  OK  [0m] Started FUSE filesystem for LXC.
[[0;32m  OK  [0m] Started Regular background program processing daemon.
         Starting Login Service...
[[0;32m  OK  [0m] Started ACPI event daemon.
         Starting A high performance web server and a reverse proxy server...
         Starting LXD - container startup/shutdown...
         Starting Virtualbox guest utils...
[[0;32m  OK  [0m] Started D-Bus System Message Bus.
         Starting /etc/rc.local Compatibility...
         Starting Snappy daemon...
[[0;32m  OK  [0m] Started System Logging Service.
[[0;32m  OK  [0m] Started iSCSI initiator daemon (iscsid).
[[0;32m  OK  [0m] Started /etc/rc.local Compatibility.
[[0;32m  OK  [0m] Started OpenBSD Secure Shell server.
[[0;32m  OK  [0m] Started Login Service.
[[0;32m  OK  [0m] Started Unattended Upgrades Shutdown.
         Starting Authenticate and Authorize Users to Run Privileged Tasks...
         Starting Login to default iSCSI targets...
[[0;32m  OK  [0m] Started LSB: Record successful boot for GRUB.
[[0;32m  OK  [0m] Started LXD - container startup/shutdown.
[[0;32m  OK  [0m] Started LSB: MD monitoring daemon.
[[0;32m  OK  [0m] Started Login to default iSCSI targets.
[[0;32m  OK  [0m] Reached target Remote File Systems (Pre).
[[0;32m  OK  [0m] Reached target Remote File Systems.
         Starting LSB: automatic crash report generation...
         Starting LSB: Set the CPU Frequency Scaling governor to "ondemand"...
         Starting Permit User Sessions...
         Starting LSB: daemon to balance interrupts for SMP systems...
[[0;32m  OK  [0m] Started Permit User Sessions.
[[0;32m  OK  [0m] Started A high performance web server and a reverse proxy server.
         Starting Hold until boot process finishes up...
         Starting Terminate Plymouth Boot Screen...
[[0;32m  OK  [0m] Started Hold until boot process finishes up.
[[0;32m  OK  [0m] Started Authenticate and Authorize Users to Run Privileged Tasks.
[[0;32m  OK  [0m] Started Terminate Plymouth Boot Screen.
[[0;32m  OK  [0m] Started Accounts Service.
         Starting Set console scheme...
[[0;32m  OK  [0m] Started Serial Getty on ttyS0.
[[0;32m  OK  [0m] Started Getty on tty1.
[[0;32m  OK  [0m] Reached target Login Prompts.
[[0;32m  OK  [0m] Started LSB: automatic crash report generation.
[[0;32m  OK  [0m] Started LSB: Set the CPU Frequency Scaling governor to "ondemand".
[[0;32m  OK  [0m] Started LSB: daemon to balance interrupts for SMP systems.
[[0;32m  OK  [0m] Started Set console scheme.
[[0;32m  OK  [0m] Started Virtualbox guest utils.
[[0;32m  OK  [0m] Started Snappy daemon.
         Starting Wait until snapd is fully seeded...
[[0;32m  OK  [0m] Started Wait until snapd is fully seeded.
         Starting Apply the settings specified in cloud-config...
[[0;32m  OK  [0m] Reached target Multi-User System.
[[0;32m  OK  [0m] Reached target Graphical Interface.
         Starting Update UTMP about System Runlevel Changes...
[[0;32m  OK  [0m] Started Update UTMP about System Runlevel Changes.
[   13.263841] cloud-init[1354]: Cloud-init v. 19.4-33-gbb4131a2-0ubuntu1~16.04.1 running 'modules:config' at Tue, 23 Jun 2020 01:24:39 +0000. Up 13.11 seconds.
[[0;32m  OK  [0m] Started Apply the settings specified in cloud-config.
         Starting Execute cloud user/final scripts...
[[0;32m  OK  [0m] Created slice User Slice of vagrant.
         Starting User Manager for UID 1000...
[[0;32m  OK  [0m] Started Session 1 of user vagrant.
[[0;32m  OK  [0m] Started User Manager for UID 1000.
[   13.888100] cloud-init[1367]: Cloud-init v. 19.4-33-gbb4131a2-0ubuntu1~16.04.1 running 'modules:final' at Tue, 23 Jun 2020 01:24:40 +0000. Up 13.74 seconds.
[   13.900690] cloud-init[1367]: Cloud-init v. 19.4-33-gbb4131a2-0ubuntu1~16.04.1 finished at Tue, 23 Jun 2020 01:24:40 +0000. Datasource DataSourceNoCloud [seed=/dev/sdb][dsmode=net].  Up 13.88 seconds
[[0;32m  OK  [0m] Started Execute cloud user/final scripts.
[[0;32m  OK  [0m] Reached target Cloud-init target.

Ubuntu 16.04.6 LTS ubuntu-xenial ttyS0

ubuntu-xenial login: 